<?xml version="1.0" encoding="UTF-8"?>
<testsuites>
    <testsuite name="force.apex" timestamp="2020-04-14T10:42:52+05:30" hostname="https://curious-wolf-5cvo28-dev-ed.my.salesforce.com" tests="1" failures="0"  errors="0"  time="0.49">
        <properties>
            <property name="outcome" value="Passed"/>
            <property name="testsRan" value="1"/>
            <property name="passing" value="1"/>
            <property name="failing" value="0"/>
            <property name="skipped" value="0"/>
            <property name="passRate" value="100%"/>
            <property name="failRate" value="0%"/>
            <property name="testStartTime" value="Apr 14, 2020 10:42 AM"/>
            <property name="testExecutionTime" value="0.49 s"/>
            <property name="testTotalTime" value="0.49 s"/>
            <property name="commandTime" value="6.15 s"/>
            <property name="hostname" value="https://curious-wolf-5cvo28-dev-ed.my.salesforce.com"/>
            <property name="orgId" value="00D2w000003zXUDEA2"/>
            <property name="username" value="rahul.das@curious-wolf-5cvo28.com"/>
            <property name="testRunId" value="7072w00000Kp2Jf"/>
            <property name="userId" value="0052w000002vVGlAAM"/>
        </properties>
        <testcase name="testBasicOperation" classname="ManagingApex1Test" time="0.49">
        </testcase>
    </testsuite>
</testsuites>
